<?xml version="1.0" encoding="UTF-8"?>
<!-- Generated by org.testng.reporters.JUnitXMLReporter -->
<testsuite ignored="3" hostname="ATMECSINLT-083" failures="0" tests="2" name="Test" time="55.521" errors="0" timestamp="19 Nov 2019 09:01:48 GMT">
  <testcase classname="com.atmecs.testscripts.TestHeatClinicProduct" name="selectingProduct" time="19.175"/>
  <testcase classname="com.atmecs.testscripts.TestNinjaStoreProducts" name="selectingProducts" time="23.834"/>
  <testcase classname="com.atmecs.extentreports.ExtentReport" name="@AfterSuite closeExtent" time="0.0">
    <ignored/>
  </testcase> <!-- @AfterSuite closeExtent -->
  <testcase classname="com.atmecs.testbase.TestBase" name="@BeforeTest initializeBrowser" time="0.0">
    <ignored/>
  </testcase> <!-- @BeforeTest initializeBrowser -->
  <testcase classname="com.atmecs.testbase.TestBase" name="@AfterTest closeBrowser" time="0.0">
    <ignored/>
  </testcase> <!-- @AfterTest closeBrowser -->
</testsuite> <!-- Test -->
