<?xml version="1.0" encoding="UTF-8"?>
<!-- Generated by org.testng.reporters.JUnitXMLReporter -->
<testsuite ignored="2" hostname="ATMECSINLT-083" failures="0" tests="2" name="Test" time="58.875" errors="0" timestamp="18 Nov 2019 05:02:05 GMT">
  <testcase classname="com.atmecs.testscripts.TestHeatClinicProduct" name="testingHomePage" time="21.677"/>
  <testcase classname="com.atmecs.testscripts.TestNinjaStoreProducts" name="selectingFirstProduct" time="24.075"/>
  <testcase classname="com.atmecs.testbase.TestBase" name="@BeforeTest initializeBrowser" time="0.0">
    <ignored/>
  </testcase> <!-- @BeforeTest initializeBrowser -->
  <testcase classname="com.atmecs.testbase.TestBase" name="@AfterTest closeBrowser" time="0.0">
    <ignored/>
  </testcase> <!-- @AfterTest closeBrowser -->
</testsuite> <!-- Test -->
