<?xml version="1.0" encoding="UTF-8"?>
<testng-results ignored="2" total="4" passed="2" failed="0" skipped="0">
  <reporter-output>
  </reporter-output>
  <suite started-at="2019-11-18T05:01:06Z" name="Suite" finished-at="2019-11-18T05:02:05Z" duration-ms="58875">
    <groups>
    </groups>
    <test started-at="2019-11-18T05:01:06Z" name="Test" finished-at="2019-11-18T05:02:05Z" duration-ms="58875">
      <class name="com.atmecs.testscripts.TestNinjaStoreProducts">
        <test-method is-config="true" signature="launchingUrl()[pri:0, instance:com.atmecs.testscripts.TestNinjaStoreProducts@3c22fc4c]" started-at="2019-11-18T05:01:37Z" name="launchingUrl" finished-at="2019-11-18T05:01:41Z" duration-ms="3279" status="PASS">
          <reporter-output>
          </reporter-output>
        </test-method> <!-- launchingUrl -->
        <test-method signature="selectingFirstProduct()[pri:0, instance:com.atmecs.testscripts.TestNinjaStoreProducts@3c22fc4c]" started-at="2019-11-18T05:01:41Z" name="selectingFirstProduct" finished-at="2019-11-18T05:02:05Z" duration-ms="24075" status="PASS">
          <reporter-output>
          </reporter-output>
        </test-method> <!-- selectingFirstProduct -->
      </class> <!-- com.atmecs.testscripts.TestNinjaStoreProducts -->
      <class name="com.atmecs.testscripts.TestHeatClinicProduct">
        <test-method is-config="true" signature="initializeBrowser()[pri:0, instance:com.atmecs.testscripts.TestHeatClinicProduct@7f552bd3]" started-at="2019-11-18T05:01:06Z" name="initializeBrowser" finished-at="2019-11-18T05:01:09Z" duration-ms="2827" status="PASS">
          <reporter-output>
          </reporter-output>
        </test-method> <!-- initializeBrowser -->
        <test-method is-config="true" signature="launchingUrl()[pri:0, instance:com.atmecs.testscripts.TestHeatClinicProduct@7f552bd3]" started-at="2019-11-18T05:01:09Z" name="launchingUrl" finished-at="2019-11-18T05:01:16Z" duration-ms="6428" status="PASS">
          <reporter-output>
          </reporter-output>
        </test-method> <!-- launchingUrl -->
        <test-method signature="testingHomePage()[pri:0, instance:com.atmecs.testscripts.TestHeatClinicProduct@7f552bd3]" started-at="2019-11-18T05:01:16Z" name="testingHomePage" finished-at="2019-11-18T05:01:37Z" duration-ms="21677" status="PASS">
          <reporter-output>
          </reporter-output>
        </test-method> <!-- testingHomePage -->
        <test-method is-config="true" signature="closeBrowser()[pri:0, instance:com.atmecs.testscripts.TestHeatClinicProduct@7f552bd3]" started-at="2019-11-18T05:02:05Z" name="closeBrowser" finished-at="2019-11-18T05:02:05Z" duration-ms="555" status="PASS">
          <reporter-output>
          </reporter-output>
        </test-method> <!-- closeBrowser -->
      </class> <!-- com.atmecs.testscripts.TestHeatClinicProduct -->
    </test> <!-- Test -->
  </suite> <!-- Suite -->
</testng-results>
