<?xml version="1.0" encoding="UTF-8"?>
<testng-results ignored="2" total="4" passed="2" failed="0" skipped="0">
  <reporter-output>
  </reporter-output>
  <suite started-at="2019-11-15T11:33:13Z" name="Suite" finished-at="2019-11-15T11:34:12Z" duration-ms="58775">
    <groups>
    </groups>
    <test started-at="2019-11-15T11:33:13Z" name="Test" finished-at="2019-11-15T11:34:12Z" duration-ms="58775">
      <class name="com.atmecs.testscripts.TestNinjaStoreProducts">
        <test-method is-config="true" signature="launchingUrl()[pri:0, instance:com.atmecs.testscripts.TestNinjaStoreProducts@6b927fb]" started-at="2019-11-15T11:33:43Z" name="launchingUrl" finished-at="2019-11-15T11:33:46Z" duration-ms="3666" status="PASS">
          <reporter-output>
          </reporter-output>
        </test-method> <!-- launchingUrl -->
        <test-method signature="selectingFirstProduct()[pri:0, instance:com.atmecs.testscripts.TestNinjaStoreProducts@6b927fb]" started-at="2019-11-15T11:33:46Z" name="selectingFirstProduct" finished-at="2019-11-15T11:34:11Z" duration-ms="24539" status="PASS">
          <reporter-output>
          </reporter-output>
        </test-method> <!-- selectingFirstProduct -->
      </class> <!-- com.atmecs.testscripts.TestNinjaStoreProducts -->
      <class name="com.atmecs.testscripts.TestHeatClinicProduct">
        <test-method is-config="true" signature="initializeBrowser()[pri:0, instance:com.atmecs.testscripts.TestHeatClinicProduct@a514af7]" started-at="2019-11-15T11:33:13Z" name="initializeBrowser" finished-at="2019-11-15T11:33:15Z" duration-ms="2570" status="PASS">
          <reporter-output>
          </reporter-output>
        </test-method> <!-- initializeBrowser -->
        <test-method is-config="true" signature="launchingUrl()[pri:0, instance:com.atmecs.testscripts.TestHeatClinicProduct@a514af7]" started-at="2019-11-15T11:33:15Z" name="launchingUrl" finished-at="2019-11-15T11:33:21Z" duration-ms="5953" status="PASS">
          <reporter-output>
          </reporter-output>
        </test-method> <!-- launchingUrl -->
        <test-method signature="testingHomePage()[pri:0, instance:com.atmecs.testscripts.TestHeatClinicProduct@a514af7]" started-at="2019-11-15T11:33:21Z" name="testingHomePage" finished-at="2019-11-15T11:33:43Z" duration-ms="21443" status="PASS">
          <reporter-output>
          </reporter-output>
        </test-method> <!-- testingHomePage -->
        <test-method is-config="true" signature="closeBrowser()[pri:0, instance:com.atmecs.testscripts.TestHeatClinicProduct@a514af7]" started-at="2019-11-15T11:34:11Z" name="closeBrowser" finished-at="2019-11-15T11:34:12Z" duration-ms="559" status="PASS">
          <reporter-output>
          </reporter-output>
        </test-method> <!-- closeBrowser -->
      </class> <!-- com.atmecs.testscripts.TestHeatClinicProduct -->
    </test> <!-- Test -->
  </suite> <!-- Suite -->
</testng-results>
